2020-02-06 10:01:28 [main] INFO  com.bridgelabz.utility.Utility  -Entered minNotes
2020-02-06 10:01:28 [main] INFO  com.bridgelabz.utility.Utility  -Entered for loop where i:: 0
2020-02-06 10:01:28 [main] INFO  com.bridgelabz.utility.Utility  -Entered while loop when n:: 1023
2020-02-06 10:01:28 [main] INFO  com.bridgelabz.utility.Utility  -Count of minNotes:: 1
2020-02-06 10:01:28 [main] INFO  com.bridgelabz.utility.Utility  -Entered for loop where i:: 1
2020-02-06 10:01:28 [main] INFO  com.bridgelabz.utility.Utility  -Entered for loop where i:: 2
2020-02-06 10:01:28 [main] INFO  com.bridgelabz.utility.Utility  -Entered for loop where i:: 3
2020-02-06 10:01:28 [main] INFO  com.bridgelabz.utility.Utility  -Entered for loop where i:: 4
2020-02-06 10:01:28 [main] INFO  com.bridgelabz.utility.Utility  -Entered while loop when n:: 23
2020-02-06 10:01:28 [main] INFO  com.bridgelabz.utility.Utility  -Count of minNotes:: 2
2020-02-06 10:01:28 [main] INFO  com.bridgelabz.utility.Utility  -Entered while loop when n:: 13
2020-02-06 10:01:28 [main] INFO  com.bridgelabz.utility.Utility  -Count of minNotes:: 3
2020-02-06 10:01:28 [main] INFO  com.bridgelabz.utility.Utility  -Entered for loop where i:: 5
2020-02-06 10:01:28 [main] INFO  com.bridgelabz.utility.Utility  -Entered for loop where i:: 6
2020-02-06 10:01:28 [main] INFO  com.bridgelabz.utility.Utility  -Entered while loop when n:: 3
2020-02-06 10:01:28 [main] INFO  com.bridgelabz.utility.Utility  -Count of minNotes:: 4
2020-02-06 10:01:28 [main] INFO  com.bridgelabz.utility.Utility  -Entered for loop where i:: 7
2020-02-06 10:01:28 [main] INFO  com.bridgelabz.utility.Utility  -Entered while loop when n:: 1
2020-02-06 10:01:28 [main] INFO  com.bridgelabz.utility.Utility  -Count of minNotes:: 5
2020-02-06 10:01:28 [main] INFO  com.bridgelabz.utility.Utility  -Entered change function
2020-02-06 10:01:28 [main] INFO  com.bridgelabz.utility.Utility  -Entered for loop when i:: 0
2020-02-06 10:01:28 [main] INFO  com.bridgelabz.utility.Utility  -Entered while loop when n:: 1023
2020-02-06 10:01:28 [main] INFO  com.bridgelabz.utility.Utility  -Incrementing the count of note::1000 :: 1
2020-02-06 10:01:28 [main] INFO  com.bridgelabz.utility.Utility  -Entered for loop when i:: 1
2020-02-06 10:01:28 [main] INFO  com.bridgelabz.utility.Utility  -Entered for loop when i:: 2
2020-02-06 10:01:28 [main] INFO  com.bridgelabz.utility.Utility  -Entered for loop when i:: 3
2020-02-06 10:01:28 [main] INFO  com.bridgelabz.utility.Utility  -Entered for loop when i:: 4
2020-02-06 10:01:28 [main] INFO  com.bridgelabz.utility.Utility  -Entered while loop when n:: 23
2020-02-06 10:01:28 [main] INFO  com.bridgelabz.utility.Utility  -Incrementing the count of note::10 :: 1
2020-02-06 10:01:28 [main] INFO  com.bridgelabz.utility.Utility  -Entered while loop when n:: 13
2020-02-06 10:01:28 [main] INFO  com.bridgelabz.utility.Utility  -Incrementing the count of note::10 :: 2
2020-02-06 10:01:28 [main] INFO  com.bridgelabz.utility.Utility  -Entered for loop when i:: 5
2020-02-06 10:01:28 [main] INFO  com.bridgelabz.utility.Utility  -Entered for loop when i:: 6
2020-02-06 10:01:28 [main] INFO  com.bridgelabz.utility.Utility  -Entered while loop when n:: 3
2020-02-06 10:01:28 [main] INFO  com.bridgelabz.utility.Utility  -Incrementing the count of note::2 :: 1
2020-02-06 10:01:28 [main] INFO  com.bridgelabz.utility.Utility  -Entered for loop when i:: 7
2020-02-06 10:01:28 [main] INFO  com.bridgelabz.utility.Utility  -Entered while loop when n:: 1
2020-02-06 10:01:28 [main] INFO  com.bridgelabz.utility.Utility  -Incrementing the count of note::1 :: 1
